<?xml version="1.0" encoding="UTF-8"?>
<testsuites name="jest tests" tests="3" failures="0" errors="0" time="4.136">
  <testsuite name="Button Test" errors="0" failures="0" skipped="0" timestamp="2021-08-18T03:36:41" time="3.378" tests="3">
    <testcase classname="Button Test should render component container" name="Button Test should render component container" time="0.023">
    </testcase>
    <testcase classname="Button Test should text render component" name="Button Test should text render component" time="0.005">
    </testcase>
    <testcase classname="Button Test should click its called" name="Button Test should click its called" time="0.014">
    </testcase>
  </testsuite>
</testsuites>