<?xml version="1.0" encoding="UTF-8"?>
<testsuites name="jest tests" tests="2" failures="0" errors="0" time="4.65">
  <testsuite name="Button Test" errors="0" failures="0" skipped="0" timestamp="2021-08-18T03:22:15" time="3.918" tests="2">
    <testcase classname="Button Test should render component container" name="Button Test should render component container" time="0.022">
    </testcase>
    <testcase classname="Button Test should text render component" name="Button Test should text render component" time="0.004">
    </testcase>
  </testsuite>
</testsuites>